<?xml version="1.0" encoding="UTF-8"?>
<testng-results ignored="0" total="4" passed="4" failed="0" skipped="0">
  <reporter-output>
  </reporter-output>
  <suite started-at="2021-09-21T19:29:19 AEST" name="Default suite" finished-at="2021-09-21T19:29:45 AEST" duration-ms="25791">
    <groups>
    </groups>
    <test started-at="2021-09-21T19:29:19 AEST" name="Default test" finished-at="2021-09-21T19:29:45 AEST" duration-ms="25791">
      <class name="TestSuite">
        <test-method is-config="true" signature="initialize()[pri:0, instance:TestSuite@37e547da]" started-at="2021-09-21T19:29:19 AEST" name="initialize" finished-at="2021-09-21T19:29:23 AEST" duration-ms="4524" status="PASS">
          <reporter-output>
          </reporter-output>
        </test-method> <!-- initialize -->
        <test-method signature="Test1()[pri:0, instance:TestSuite@37e547da]" started-at="2021-09-21T19:29:23 AEST" name="Test1" finished-at="2021-09-21T19:29:25 AEST" duration-ms="1075" status="PASS">
          <reporter-output>
          </reporter-output>
        </test-method> <!-- Test1 -->
        <test-method signature="Test2()[pri:0, instance:TestSuite@37e547da]" started-at="2021-09-21T19:29:25 AEST" name="Test2" finished-at="2021-09-21T19:29:35 AEST" duration-ms="10123" status="PASS">
          <reporter-output>
          </reporter-output>
        </test-method> <!-- Test2 -->
        <test-method signature="Test3()[pri:0, instance:TestSuite@37e547da]" started-at="2021-09-21T19:29:35 AEST" name="Test3" finished-at="2021-09-21T19:29:40 AEST" duration-ms="5036" status="PASS">
          <reporter-output>
          </reporter-output>
        </test-method> <!-- Test3 -->
        <test-method signature="Test4()[pri:0, instance:TestSuite@37e547da]" started-at="2021-09-21T19:29:40 AEST" name="Test4" finished-at="2021-09-21T19:29:45 AEST" duration-ms="4976" status="PASS">
          <reporter-output>
          </reporter-output>
        </test-method> <!-- Test4 -->
        <test-method is-config="true" signature="TeardownTest()[pri:0, instance:TestSuite@37e547da]" started-at="2021-09-21T19:29:45 AEST" name="TeardownTest" finished-at="2021-09-21T19:29:45 AEST" duration-ms="1" status="PASS">
          <reporter-output>
          </reporter-output>
        </test-method> <!-- TeardownTest -->
      </class> <!-- TestSuite -->
    </test> <!-- Default test -->
  </suite> <!-- Default suite -->
</testng-results>
