<?xml version="1.0" encoding="UTF-8"?>
<!-- Generated by org.testng.reporters.JUnitXMLReporter -->
<testsuite ignored="0" hostname="MDs-MacBook-Pro" failures="0" tests="4" name="Default test" time="25.791" errors="0" timestamp="2021-09-21T19:29:45 AEST">
  <testcase classname="TestSuite" name="Test1" time="1.075"/>
  <testcase classname="TestSuite" name="Test2" time="10.123"/>
  <testcase classname="TestSuite" name="Test3" time="5.036"/>
  <testcase classname="TestSuite" name="Test4" time="4.976"/>
</testsuite> <!-- Default test -->
